2024-02-18 14:32:19 - celery_work - INFO -5632 : starting time : 1708237939.9810438
2024-02-18 14:32:19 - we_collection - INFO -5632 : check_spider_status: starting
2024-02-18 14:32:19 - we_collection - INFO -5632 : check start wechat time : 1708237939.9810438
2024-02-18 14:32:26 - we_collection - INFO -5632 : activity: wechat 首页
2024-02-18 14:32:46 - we_collection - INFO -5632 : start function iter to live
2024-02-18 14:32:47 - we_collection - INFO -5632 : start 购物:服饰
2024-02-18 14:32:51 - we_collection - INFO -5632 : 开始获取直播间信息 ---: 购物 : 服饰
2024-02-18 14:33:24 - we_collection - INFO -5632 : active_level time : 26.71485137939453
2024-02-18 14:33:33 - we_collection - INFO -5632 : store_base time : 4.376625061035156
2024-02-18 14:33:50 - we_collection - INFO -5632 : move_to_main_page -32002 Client error: <> data: Selector [resourceId='com.tencent.mm:id/k69', index=1], method: None : 购物 : 服饰
2024-02-18 14:33:50 - we_collection - INFO -5632 : check_spider_status: starting
2024-02-18 14:33:50 - we_collection - INFO -5632 : check start wechat time : 1708238030.7193506
2024-02-18 14:33:53 - we_collection - INFO -5632 : start 购物:食品
2024-02-18 14:33:54 - we_collection - INFO -5632 : move_to_main_page activity error, restart : 购物 : 食品
2024-02-18 14:33:54 - we_collection - INFO -5632 : check_spider_status: starting
2024-02-18 14:33:54 - we_collection - INFO -5632 : check start wechat time : 1708238034.7013128
2024-02-18 14:33:56 - we_collection - INFO -5632 : start 购物:美妆
2024-02-18 14:33:57 - we_collection - INFO -5632 : move_to_main_page activity error, restart : 购物 : 美妆
2024-02-18 14:33:57 - we_collection - INFO -5632 : check_spider_status: starting
2024-02-18 14:33:57 - we_collection - INFO -5632 : check start wechat time : 1708238037.9946945
2024-02-18 14:34:00 - we_collection - INFO -5632 : start 购物:数码家电
2024-02-18 14:34:01 - we_collection - INFO -5632 : move_to_main_page activity error, restart : 购物 : 数码家电
2024-02-18 14:34:01 - we_collection - INFO -5632 : check_spider_status: starting
2024-02-18 14:34:01 - we_collection - INFO -5632 : check start wechat time : 1708238041.5937362
2024-02-18 14:34:04 - we_collection - INFO -5632 : start 购物:珠宝文玩
2024-02-18 14:34:05 - we_collection - INFO -5632 : move_to_main_page activity error, restart : 购物 : 珠宝文玩
2024-02-18 14:34:05 - we_collection - INFO -5632 : check_spider_status: starting
2024-02-18 14:34:05 - we_collection - INFO -5632 : check start wechat time : 1708238045.1413002
2024-02-18 14:34:07 - we_collection - INFO -5632 : start 购物:图书
2024-02-18 14:34:08 - we_collection - INFO -5632 : move_to_main_page activity error, restart : 购物 : 图书
2024-02-18 14:34:08 - we_collection - INFO -5632 : check_spider_status: starting
2024-02-18 14:34:08 - we_collection - INFO -5632 : check start wechat time : 1708238048.7003813
2024-02-18 14:34:10 - we_collection - INFO -5632 : start 购物:家装日用
2024-02-18 14:34:12 - we_collection - INFO -5632 : move_to_main_page activity error, restart : 购物 : 家装日用
2024-02-18 14:34:12 - we_collection - INFO -5632 : check_spider_status: starting
2024-02-18 14:34:12 - we_collection - INFO -5632 : check start wechat time : 1708238052.057914
2024-02-18 14:37:21 - celery_work - INFO -328 : starting time : 1708238241.973535
2024-02-18 14:37:21 - we_collection - INFO -328 : check_spider_status: starting
2024-02-18 14:37:21 - we_collection - INFO -328 : check start wechat time : 1708238241.973535
2024-02-18 14:37:28 - we_collection - INFO -328 : activity: wechat 首页
2024-02-18 14:37:41 - we_collection - INFO -328 : start function iter to live
2024-02-18 14:37:42 - we_collection - INFO -328 : start 购物:服饰
2024-02-18 14:37:46 - we_collection - INFO -328 : 开始获取直播间信息 ---: 购物 : 服饰
2024-02-18 14:38:20 - we_collection - INFO -328 : active_level time : 28.28716731071472
2024-02-18 14:38:31 - we_collection - INFO -328 : 开始获取直播间基本数据
2024-02-18 14:38:41 - we_collection - INFO -328 : --enter store base info
2024-02-18 14:38:48 - we_collection - INFO -328 : --enter store base info === : sphMLhqHJQGzQF8
2024-02-18 14:38:53 - we_collection - INFO -328 : store_base time : 25.47899889945984
2024-02-18 14:39:25 - we_collection - INFO -328 : active_level time : 22.10279655456543
2024-02-18 14:39:36 - we_collection - INFO -328 : 开始获取直播间基本数据
2024-02-18 14:39:46 - we_collection - INFO -328 : --enter store base info
2024-02-18 14:39:53 - we_collection - INFO -328 : --enter store base info === : sphjmD5rrxG2DYV
2024-02-18 14:39:58 - we_collection - INFO -328 : store_base time : 24.77886652946472
2024-02-18 14:39:58 - we_collection - INFO -328 : 开始更新 : sphjmD5rrxG2DYV 数据
2024-02-18 14:40:09 - we_collection - INFO -328 : 开始循环获取商品
2024-02-18 14:40:53 - we_collection - INFO -328 : 获取商品信息结束
2024-02-18 14:40:57 - we_collection - INFO -328 : live_product time 58.89312791824341
2024-02-18 14:40:57 - we_collection - INFO -328 : write finish time 0.03595328330993652 
2024-02-18 14:41:47 - we_collection - INFO -328 : active_level time : 41.142831563949585
2024-02-18 14:41:57 - we_collection - INFO -328 : 开始获取直播间基本数据
2024-02-18 14:42:07 - we_collection - INFO -328 : --enter store base info
2024-02-18 14:42:14 - we_collection - INFO -328 : --enter store base info === : sph1orpGVVSOH2n
2024-02-18 14:42:19 - we_collection - INFO -328 : store_base time : 24.76840591430664
2024-02-18 14:42:19 - we_collection - INFO -328 : 开始更新 : sph1orpGVVSOH2n 数据
2024-02-18 14:42:35 - we_collection - INFO -328 : 开始循环获取商品
2024-02-18 14:43:12 - we_collection - INFO -328 : 获取商品信息结束
2024-02-18 14:43:15 - we_collection - INFO -328 : live_product time 56.55411410331726
2024-02-18 14:43:16 - we_collection - INFO -328 : write finish time 0.014518260955810547 
2024-02-18 14:43:50 - we_collection - INFO -328 : active_level time : 27.300072193145752
2024-02-18 14:44:03 - we_collection - INFO -328 : 开始获取直播间基本数据
2024-02-18 14:44:23 - we_collection - INFO -328 : --enter store base info
2024-02-18 14:44:30 - we_collection - INFO -328 : --enter store base info === : sph4wpQn5SBwcax
2024-02-18 14:44:33 - we_collection - INFO -328 : store_base time : 33.500712633132935
2024-02-18 14:44:33 - we_collection - INFO -328 : 开始更新 : sph4wpQn5SBwcax 数据
2024-02-18 14:44:44 - we_collection - INFO -328 : 开始循环获取商品
2024-02-18 14:45:16 - we_collection - INFO -328 : 获取商品信息结束
2024-02-18 14:45:20 - we_collection - INFO -328 : live_product time 46.640782833099365
2024-02-18 14:45:20 - we_collection - INFO -328 : write finish time 0.010000467300415039 
2024-02-18 14:45:37 - we_collection - INFO -328 : move_to_main_page -32002 Client error: <> data: Selector [resourceId='com.tencent.mm:id/b1h'], method: None : 购物 : 服饰
2024-02-18 14:45:37 - we_collection - INFO -328 : check_spider_status: starting
2024-02-18 14:45:37 - we_collection - INFO -328 : check start wechat time : 1708238737.7360241
2024-02-18 14:45:44 - we_collection - INFO -328 : start 购物:食品
2024-02-18 14:45:48 - we_collection - INFO -328 : 开始获取直播间信息 ---: 购物 : 食品
2024-02-18 14:55:06 - celery_work - INFO -3532 : starting time : 1708239306.5420256
2024-02-18 14:55:06 - we_collection - INFO -3532 : check_spider_status: starting
2024-02-18 14:55:06 - we_collection - INFO -3532 : check start wechat time : 1708239306.5430808
2024-02-18 14:55:12 - we_collection - INFO -3532 : activity: wechat 首页
2024-02-18 14:55:26 - we_collection - INFO -3532 : start function iter to live
2024-02-18 14:55:27 - we_collection - INFO -3532 : start 购物:服饰
2024-02-18 14:55:30 - we_collection - INFO -3532 : 开始获取直播间信息 ---: 购物 : 服饰
2024-02-18 14:56:02 - we_collection - INFO -3532 : active_level time : 24.418437719345093
2024-02-18 14:56:02 - we_collection - INFO -3532 : active_level time 1 : 6.461571216583252
2024-02-18 14:56:13 - we_collection - INFO -3532 : 开始获取直播间基本数据
2024-02-18 14:56:23 - we_collection - INFO -3532 : --enter store base info
2024-02-18 14:56:30 - we_collection - INFO -3532 : --enter store base info === : sph1orpGVVSOH2n
2024-02-18 14:56:34 - we_collection - INFO -3532 : store_base time : 24.992543697357178
2024-02-18 14:58:29 - celery_work - INFO -7040 : starting time : 1708239509.9628842
2024-02-18 14:58:29 - we_collection - INFO -7040 : check_spider_status: starting
2024-02-18 14:58:29 - we_collection - INFO -7040 : check start wechat time : 1708239509.9628842
2024-02-18 14:58:38 - we_collection - INFO -7040 : activity: wechat 首页
2024-02-18 14:58:54 - we_collection - INFO -7040 : start function iter to live
2024-02-18 14:58:55 - we_collection - INFO -7040 : start 购物:服饰
2024-02-18 14:58:59 - we_collection - INFO -7040 : 开始获取直播间信息 ---: 购物 : 服饰
2024-02-18 14:59:38 - we_collection - INFO -7040 : active_level time : 32.33524489402771
2024-02-18 14:59:38 - we_collection - INFO -7040 : active_level time 1 : 9.623827695846558
2024-02-18 14:59:49 - we_collection - INFO -7040 : 开始获取直播间基本数据
2024-02-18 15:00:00 - we_collection - INFO -7040 : --enter store base info
2024-02-18 15:00:07 - we_collection - INFO -7040 : --enter store base info === : sph1orpGVVSOH2n
2024-02-18 15:00:12 - we_collection - INFO -7040 : store_base time : 25.89791178703308
2024-02-18 15:13:18 - celery_work - INFO -16764 : starting time : 1708240398.0957527
2024-02-18 15:13:18 - we_collection - INFO -16764 : check_spider_status: starting
2024-02-18 15:13:18 - we_collection - INFO -16764 : check start wechat time : 1708240398.0957527
2024-02-18 15:13:26 - we_collection - INFO -16764 : activity: wechat 首页
2024-02-18 15:13:45 - we_collection - INFO -16764 : start function iter to live
2024-02-18 15:13:46 - we_collection - INFO -16764 : start 购物:服饰
2024-02-18 15:13:51 - we_collection - INFO -16764 : 开始获取直播间信息 ---: 购物 : 服饰
2024-02-18 15:14:37 - we_collection - INFO -16764 : active_level time : 39.439993143081665
2024-02-18 15:14:37 - we_collection - INFO -16764 : active_level time 1 : 15.676992416381836
2024-02-18 15:17:56 - celery_work - INFO -7476 : starting time : 1708240676.673244
2024-02-18 15:17:56 - we_collection - INFO -7476 : check_spider_status: starting
2024-02-18 15:17:56 - we_collection - INFO -7476 : check start wechat time : 1708240676.673244
2024-02-18 15:18:03 - we_collection - INFO -7476 : activity: wechat 首页
2024-02-18 15:18:17 - we_collection - INFO -7476 : start function iter to live
2024-02-18 15:18:18 - we_collection - INFO -7476 : start 购物:服饰
2024-02-18 15:18:22 - we_collection - INFO -7476 : 开始获取直播间信息 ---: 购物 : 服饰
2024-02-18 15:18:55 - we_collection - INFO -7476 : active_level time : 26.466887712478638
2024-02-18 15:18:55 - we_collection - INFO -7476 : active_level time 1 : 5.295521020889282
2024-02-18 15:19:06 - we_collection - INFO -7476 : 开始获取直播间基本数据
2024-02-18 15:19:17 - we_collection - INFO -7476 : --enter store base info
2024-02-18 15:19:24 - we_collection - INFO -7476 : --enter store base info === : sph1orpGVVSOH2n
2024-02-18 15:19:28 - we_collection - INFO -7476 : store_base time : 24.84184217453003
2024-02-18 15:19:28 - we_collection - INFO -7476 : 开始更新 : sph1orpGVVSOH2n 数据
2024-02-18 15:19:41 - we_collection - INFO -7476 : 开始循环获取商品
2024-02-18 15:20:19 - we_collection - INFO -7476 : 获取商品信息结束
2024-02-18 15:20:23 - we_collection - INFO -7476 : live_product time 54.60027527809143
2024-02-18 15:20:23 - we_collection - INFO -7476 : write finish time 0.02389216423034668 
2024-02-18 15:24:03 - we_collection - INFO -7476 : active_level time : 213.3319764137268
2024-02-18 15:24:03 - we_collection - INFO -7476 : active_level time 1 : 71.09857630729675
2024-02-18 15:24:45 - we_collection - INFO -7476 : 开始获取直播间基本数据
2024-02-18 15:24:55 - we_collection - INFO -7476 : --enter store base info
2024-02-18 15:25:01 - we_collection - INFO -7476 : --enter store base info === : sph3n8XQGGxf0Ct
2024-02-18 15:25:08 - we_collection - INFO -7476 : store_base time : 26.63537049293518
2024-02-18 15:25:08 - we_collection - INFO -7476 : 开始更新 : sph3n8XQGGxf0Ct 数据
2024-02-18 15:26:00 - we_collection - INFO -7476 : 开始循环获取商品
2024-02-18 15:29:32 - we_collection - INFO -7476 : 获取商品信息结束
2024-02-18 15:29:38 - we_collection - INFO -7476 : live_product time 269.94145703315735
2024-02-18 15:29:38 - we_collection - INFO -7476 : write finish time 0.010375261306762695 
2024-02-18 15:30:18 - we_collection - INFO -7476 : active_level time : 29.582464456558228
2024-02-18 15:30:18 - we_collection - INFO -7476 : active_level time 1 : 6.909776449203491
2024-02-18 15:30:29 - we_collection - INFO -7476 : 开始获取直播间基本数据
2024-02-18 15:30:39 - we_collection - INFO -7476 : --enter store base info
2024-02-18 15:30:46 - we_collection - INFO -7476 : --enter store base info === : sphMLhqHJQGzQF8
2024-02-18 15:30:51 - we_collection - INFO -7476 : store_base time : 25.519243478775024
2024-02-18 15:30:51 - we_collection - INFO -7476 : 开始更新 : sphMLhqHJQGzQF8 数据
2024-02-18 15:31:04 - we_collection - INFO -7476 : 开始循环获取商品
2024-02-18 15:32:02 - we_collection - INFO -7476 : 获取商品信息结束
2024-02-18 15:32:07 - we_collection - INFO -7476 : live_product time 75.29027271270752
2024-02-18 15:32:07 - we_collection - INFO -7476 : write finish time 0.009968996047973633 
2024-02-18 15:36:31 - celery_work - INFO -13536 : starting time : 1708241791.6968942
2024-02-18 15:36:31 - we_collection - INFO -13536 : check_spider_status: starting
2024-02-18 15:36:31 - we_collection - INFO -13536 : check start wechat time : 1708241791.6968942
2024-02-18 15:36:44 - celery_work - INFO -5136 : starting time : 1708241804.4292874
2024-02-18 15:36:44 - we_collection - INFO -5136 : check_spider_status: starting
2024-02-18 15:36:44 - we_collection - INFO -5136 : check start wechat time : 1708241804.4292874
2024-02-18 15:36:50 - we_collection - INFO -5136 : activity: wechat 首页
2024-02-18 15:37:04 - we_collection - INFO -5136 : start function iter to live
2024-02-18 15:37:05 - we_collection - INFO -5136 : start 购物:服饰
2024-02-18 15:37:09 - we_collection - INFO -5136 : 开始获取直播间信息 ---: 购物 : 服饰
2024-02-18 15:37:41 - we_collection - INFO -5136 : active_level time : 25.87664794921875
2024-02-18 15:37:41 - we_collection - INFO -5136 : active_level time 1 : 5.9235522747039795
2024-02-18 15:37:51 - we_collection - INFO -5136 : 开始获取直播间基本数据
2024-02-18 15:38:01 - we_collection - INFO -5136 : --enter store base info
2024-02-18 15:38:07 - we_collection - INFO -5136 : --enter store base info === : sphMLhqHJQGzQF8
2024-02-18 15:38:13 - we_collection - INFO -5136 : store_base time : 25.02191472053528
2024-02-18 15:38:13 - we_collection - INFO -5136 : 开始更新 : sphMLhqHJQGzQF8 数据
2024-02-18 15:38:24 - we_collection - INFO -5136 : 开始循环获取商品
2024-02-18 15:39:30 - we_collection - INFO -5136 : 获取商品信息结束
2024-02-18 15:39:53 - we_collection - INFO -5136 : live_product time 99.58575201034546
2024-02-18 15:39:53 - we_collection - INFO -5136 : write finish time 0.023954153060913086 
2024-02-18 15:40:19 - we_collection - INFO -5136 : active_level time : 16.109636306762695
2024-02-18 15:40:19 - we_collection - INFO -5136 : active_level time 1 : 4.744007587432861
2024-02-18 15:40:29 - we_collection - INFO -5136 : 开始获取直播间基本数据
2024-02-18 15:40:38 - we_collection - INFO -5136 : --enter store base info
2024-02-18 15:40:44 - we_collection - INFO -5136 : --enter store base info === : sph3n8XQGGxf0Ct
2024-02-18 15:40:48 - we_collection - INFO -5136 : store_base time : 21.91925024986267
2024-02-18 15:40:48 - we_collection - INFO -5136 : 开始更新 : sph3n8XQGGxf0Ct 数据
2024-02-18 15:40:55 - we_collection - INFO -5136 : 开始循环获取商品
2024-02-18 15:41:23 - we_collection - INFO -5136 : 获取商品信息结束
2024-02-18 15:41:35 - we_collection - INFO -5136 : live_product time 47.575379610061646
2024-02-18 15:41:35 - we_collection - INFO -5136 : write finish time 0.01994943618774414 
2024-02-18 15:42:09 - we_collection - INFO -5136 : active_level time : 24.501813411712646
2024-02-18 15:42:09 - we_collection - INFO -5136 : active_level time 1 : 7.834365606307983
2024-02-18 15:42:21 - we_collection - INFO -5136 : 开始获取直播间基本数据
2024-02-18 15:42:31 - we_collection - INFO -5136 : --enter store base info
2024-02-18 15:42:37 - we_collection - INFO -5136 : --enter store base info === : sph1orpGVVSOH2n
2024-02-18 15:42:42 - we_collection - INFO -5136 : store_base time : 24.4982750415802
2024-02-18 15:42:42 - we_collection - INFO -5136 : 开始更新 : sph1orpGVVSOH2n 数据
2024-02-18 15:42:43 - we_collection - INFO -5136 : live_product time 1.1219141483306885
2024-02-18 15:42:43 - we_collection - INFO -5136 : write finish time 0.0 
2024-02-18 15:43:21 - we_collection - INFO -5136 : active_level time : 28.15343141555786
2024-02-18 15:43:21 - we_collection - INFO -5136 : active_level time 1 : 8.347054243087769
2024-02-18 15:43:34 - we_collection - INFO -5136 : 开始获取直播间基本数据
2024-02-18 15:43:52 - we_collection - INFO -5136 : --enter store base info
2024-02-18 15:43:58 - we_collection - INFO -5136 : --enter store base info === : sph4wpQn5SBwcax
2024-02-18 15:44:03 - we_collection - INFO -5136 : store_base time : 32.6688506603241
2024-02-18 15:44:03 - we_collection - INFO -5136 : 开始更新 : sph4wpQn5SBwcax 数据
2024-02-18 15:44:13 - we_collection - INFO -5136 : 开始循环获取商品
2024-02-18 15:45:02 - we_collection - INFO -5136 : 获取商品信息结束
2024-02-18 15:45:17 - we_collection - INFO -5136 : live_product time 74.11460089683533
2024-02-18 15:45:17 - we_collection - INFO -5136 : write finish time 0.020950794219970703 
2024-02-18 15:45:39 - we_collection - INFO -5136 : start 购物:食品
2024-02-18 15:45:40 - we_collection - INFO -5136 : start 购物:美妆
2024-02-18 15:45:41 - we_collection - INFO -5136 : start 购物:数码家电
2024-02-18 15:45:42 - we_collection - INFO -5136 : start 购物:珠宝文玩
2024-02-18 15:45:43 - we_collection - INFO -5136 : start 购物:图书
2024-02-18 15:45:45 - we_collection - INFO -5136 : start 购物:家装日用
2024-02-18 15:53:07 - celery_work - INFO -6220 : starting time : 1708242787.9566238
2024-02-18 15:53:07 - we_collection - INFO -6220 : check_spider_status: starting
2024-02-18 15:53:07 - we_collection - INFO -6220 : check start wechat time : 1708242787.9566238
2024-02-18 15:53:14 - we_collection - INFO -6220 : activity: wechat 首页
2024-02-18 15:53:27 - we_collection - INFO -6220 : start function iter to live
2024-02-18 15:53:28 - we_collection - INFO -6220 : start 购物:服饰
2024-02-18 15:53:32 - we_collection - INFO -6220 : 开始获取直播间信息 ---: 购物 : 服饰
2024-02-18 15:54:08 - we_collection - INFO -6220 : active_level time : 28.752026081085205
2024-02-18 15:54:08 - we_collection - INFO -6220 : active_level time 1 : 6.83407735824585
2024-02-18 15:54:19 - we_collection - INFO -6220 : 开始获取直播间基本数据
2024-02-18 15:54:29 - we_collection - INFO -6220 : --enter store base info
2024-02-18 15:54:35 - we_collection - INFO -6220 : --enter store base info === : sphMLhqHJQGzQF8
2024-02-18 15:54:41 - we_collection - INFO -6220 : store_base time : 24.87863802909851
2024-02-18 15:54:41 - we_collection - INFO -6220 : 开始更新 : sphMLhqHJQGzQF8 数据
2024-02-18 15:54:51 - we_collection - INFO -6220 : 开始循环获取商品
2024-02-18 15:58:39 - we_collection - INFO -6220 : 获取商品信息结束
2024-02-18 15:58:53 - we_collection - INFO -6220 : live_product time 251.9144790172577
2024-02-18 15:58:53 - we_collection - INFO -6220 : write finish time 0.02800154685974121 
2024-02-18 15:59:41 - we_collection - INFO -6220 : active_level time : 39.56486701965332
2024-02-18 15:59:41 - we_collection - INFO -6220 : active_level time 1 : 24.145822763442993
2024-02-18 15:59:53 - we_collection - INFO -6220 : 开始获取直播间基本数据
2024-02-18 16:00:02 - we_collection - INFO -6220 : --enter store base info
2024-02-18 16:00:08 - we_collection - INFO -6220 : --enter store base info === : sph3n8XQGGxf0Ct
2024-02-18 16:00:16 - we_collection - INFO -6220 : store_base time : 25.784825801849365
2024-02-18 16:00:16 - we_collection - INFO -6220 : 开始更新 : sph3n8XQGGxf0Ct 数据
2024-02-18 16:00:17 - we_collection - INFO -6220 : live_product time 1.2228076457977295
2024-02-18 16:00:17 - we_collection - INFO -6220 : write finish time 0.0 
2024-02-18 16:00:49 - we_collection - INFO -6220 : active_level time : 20.514545917510986
2024-02-18 16:00:49 - we_collection - INFO -6220 : active_level time 1 : 5.4321489334106445
2024-02-18 16:00:59 - we_collection - INFO -6220 : 开始获取直播间基本数据
2024-02-18 16:01:09 - we_collection - INFO -6220 : --enter store base info
2024-02-18 16:01:15 - we_collection - INFO -6220 : --enter store base info === : sph1orpGVVSOH2n
2024-02-18 16:01:22 - we_collection - INFO -6220 : store_base time : 25.546379327774048
2024-02-18 16:01:22 - we_collection - INFO -6220 : 开始更新 : sph1orpGVVSOH2n 数据
2024-02-18 16:01:23 - we_collection - INFO -6220 : live_product time 1.3307969570159912
2024-02-18 16:01:23 - we_collection - INFO -6220 : write finish time 0.0 
2024-02-18 16:01:51 - we_collection - INFO -6220 : active_level time : 17.97323751449585
2024-02-18 16:01:51 - we_collection - INFO -6220 : active_level time 1 : 4.779369115829468
2024-02-18 16:02:02 - we_collection - INFO -6220 : 开始获取直播间基本数据
2024-02-18 16:02:13 - we_collection - INFO -6220 : --enter store base info
2024-02-18 16:02:19 - we_collection - INFO -6220 : --enter store base info === : sphEt74OjULKySA
2024-02-18 16:02:24 - we_collection - INFO -6220 : store_base time : 25.00846767425537
2024-02-18 16:02:24 - we_collection - INFO -6220 : 开始更新 : sphEt74OjULKySA 数据
2024-02-18 16:02:31 - we_collection - INFO -6220 : 开始循环获取商品
2024-02-18 16:09:16 - we_collection - INFO -6220 : 获取商品信息结束
2024-02-18 16:09:31 - we_collection - INFO -6220 : live_product time 427.12160754203796
2024-02-18 16:09:32 - we_collection - INFO -6220 : write finish time 0.47423362731933594 
2024-02-18 16:09:51 - we_collection - INFO -6220 : start 购物:食品
2024-02-18 16:09:52 - we_collection - INFO -6220 : start 购物:美妆
2024-02-18 16:09:53 - we_collection - INFO -6220 : start 购物:数码家电
